commit 110ef149b9ef7c89fb75411e38f1e83556d096a7
Merge: 7415d50 f41569b
Author: crisqs77 <64340944+crisqs77@users.noreply.github.com>
Date:   Tue Oct 24 03:03:10 2023 -0600

    Merge pull request #1 from krisqs07/readme-kris
    
    Readme kris

commit f41569b4b2c366879f7dfa3e8b065a77d6b9508f
Merge: fc115e3 7415d50
Author: crisqs77 <64340944+crisqs77@users.noreply.github.com>
Date:   Tue Oct 24 02:57:24 2023 -0600

    Merge branch 'main' into readme-kris

commit fc115e3047bad005bc7857dbdc29e24a2ef8c61a
Author: Kristhian Quesada X <cris.qs77@yahoo.com>
Date:   Tue Oct 24 02:23:58 2023 -0600

    Haciendo mejoras al readme del repositorio

commit 7415d50f3118091b5dc5afa2818bf0054682e0a1
Author: Kristhian Quesada X <cris.qs77@yahoo.com>
Date:   Tue Oct 24 01:02:37 2023 -0600

    6

commit 7b6923b4e65b105c2962aff063b46893e3117827
Author: Kristhian Quesada <cris.qs77@yahoo.com>
Date:   Tue Oct 24 00:51:41 2023 -0600

    x

commit 3d10b33ef47738cc9de0f54100fc6390eef93740
Author: Kristhian Quesada <cris.qs77@yahoo.com>
Date:   Mon Oct 23 23:50:23 2023 -0600

    Haciendo mejoras al readme del repositorio(kris)

commit 77a5b5a460f414a859ff8a71a36dd45639c0b008
Author: Kristhian Quesada <cris.qs77@yahoo.com>
Date:   Mon Oct 23 23:34:43 2023 -0600

    5 Cambio de prueba, desde la segunda cuenta de Git(kris)

commit eaae28fd1542a940aa7c35c6979ae6ef601a94f4
Author: Kristhian Quesada <cris.qs77@yahoo.com>
Date:   Mon Oct 23 23:24:09 2023 -0600

    4 Cambio de prueba desde la segunda cuenta de Git(kris)

commit d84a168cb6a5803452ceea4e71f10198ae511b83
Author: Kristhian Quesada <cris.qs77@yahoo.com>
Date:   Mon Oct 23 23:06:12 2023 -0600

    3 Cambio de prueba desde la segunda cuenta de Git(kris)

commit 0f7fbeae83dd919615e5ce6ffb09217e688fba3e
Author: Kristhian Quesada <cris.qs77@yahoo.com>
Date:   Mon Oct 23 22:34:55 2023 -0600

    2 Cambio de prueba desde la segunda cuenta de Git(kris)

commit b3cb0f231bf0d0f41b17ec3ed81c67a9d6a789ef
Author: Kristhian Quesada <cris.qs77@yahoo.com>
Date:   Mon Oct 23 19:35:03 2023 -0600

    Cambio de prueba desde la segunda cuenta de Git(kris)

commit b13c5b7fff876d2b5cf3203b6b895e0955793e7d
Author: Cristhian Quesada <cris.qs.77@gmail.com>
Date:   Mon Oct 23 15:12:36 2023 -0600

    Agregando imagen a index.html

commit c49d75f1c60bc9a7d32e77443c3d774a05799037
Author: Cristhian Quesada <cris.qs.77@gmail.com>
Date:   Mon Oct 23 14:09:07 2023 -0600

    v1.0.0

commit 0dac025f25f9dbb0f3d16bffe50288b922f4e9f3
Author: Cristhian Quesada <cris.qs.77@gmail.com>
Date:   Mon Oct 23 13:24:04 2023 -0600

    Respaldando logs del repositorio

commit 87654c4a52da8f9a4f3930b6a4e8ddf1c067153c
Author: Cristhian Quesada <cris.qs.77@gmail.com>
Date:   Sun Oct 22 21:23:01 2023 -0600

    Agregando p치rrafo

commit 35cc7fdafac098d6a4c0149cb50477b43bf10fd7
Author: Cristhian Quesada <cris.qs.77@gmail.com>
Date:   Sun Oct 22 20:54:00 2023 -0600

    Agregando estaciones del a침o con fecha, segundo

commit a71c1b69ea773160a810a74e065990ff03857f12
Merge: ff5647b 5ea0bcd
Author: Cristhian Quesada <cris.qs.77@gmail.com>
Date:   Sun Oct 22 20:02:29 2023 -0600

    Merge branch 'main' of https://github.com/crisqs77/git-kris

commit ff5647bd5eb88ebc0d9a8ff4f5103178b5f13e0a
Author: Cristhian Quesada <cris.qs.77@gmail.com>
Date:   Sun Oct 22 19:32:20 2023 -0600

    Agregando estaciones del a침o con fecha

commit 5ea0bcdf4b441b769f446ba2e613f2c1143a6e89
Author: Cristhian Quesada <cris.qs.77@gmail.com>
Date:   Sun Oct 22 19:32:20 2023 -0600

    Agregando estaciones del a침o

commit 667f497f5a4bc6d81f40f69bd69d81c1cbd3aceb
Merge: ab924e6 5a20f3a
Author: Cristhian Quesada <cris.qs.77@gmail.com>
Date:   Sun Oct 22 19:17:31 2023 -0600

    Resolviendo merge main/html en el documento index.html

commit 5a20f3a190ec41936f94e468bd16c3c081be8cb8
Author: Cristhian Quesada <cris.qs.77@gmail.com>
Date:   Sun Oct 22 18:49:37 2023 -0600

    Agregando index.js al index html

commit ab924e66d3d15d09621b300f25e29d5ec84adf32
Author: Cristhian Quesada <cris.qs.77@gmail.com>
Date:   Sun Oct 22 18:41:06 2023 -0600

    Agregando style.css al index.html

commit e02324f6c951cb309f46aa4d9c3f6b69c5be38de
Merge: 04cdef5 14579b7
Author: Cristhian Quesada <cris.qs.77@gmail.com>
Date:   Sun Oct 22 18:06:53 2023 -0600

    Merge branch 'js'

commit 14579b726ea33ac86356834d6ae6f3a3e7f55dfb
Author: Cristhian Quesada <cris.qs.77@gmail.com>
Date:   Sun Oct 22 15:58:07 2023 -0600

    Creando index.js

commit 04cdef52671abc92ef9f5a470a3acdb067f5553c
Author: Cristhian Quesada <cris.qs.77@gmail.com>
Date:   Sun Oct 22 15:40:06 2023 -0600

    Creando styles.css

commit 114e491ffb502f3e90a89fa33f9827da34d16820
Author: Cristhian Quesada <cris.qs.77@gmail.com>
Date:   Sun Oct 22 15:23:24 2023 -0600

    Creando index.html

commit 1893d20fb9483c9a0aeda074ee8650d8123d1dd4
Author: Cristhian Quesada <cris.qs.77@gmail.com>
Date:   Sun Oct 22 12:44:48 2023 -0600

    Ignorando archivos .exe

commit 71de9291a636913c35a59a7dd005106a8875b9e0
Author: crisqs77 <64340944+crisqs77@users.noreply.github.com>
Date:   Sat Oct 21 21:27:17 2023 -0600

    Crear Licencia

commit e283a9a7543f8c13ed7ef4362f8244a9b9987612
Author: Cristhian Quesada <cris.qs.77@gmail.com>
Date:   Sat Oct 21 20:53:18 2023 -0600

    agregando mas contenido al README

commit 23370ddcb6b396dbafbf908555877b440b0170d8
Author: Cristhian Quesada <cris.qs.77@gmail.com>
Date:   Sat Oct 21 20:20:27 2023 -0600

    agregando contenido al README

commit c6bb05f1efe9ae1b6430e2bc785f95843a037f13
Author: Cristhian Quesada <cris.qs.77@gmail.com>
Date:   Sat Oct 21 20:08:58 2023 -0600

    Primer commit
